Started on PORT 3000 at: Sat Jan 07 2017 18:10:38 GMT-0500 (EST)
 ------job started ------
Feeding Kitty..
Ninja was feed at: Sat Jan 07 2017 19:00:00 GMT-0500 (EST)
 ------job Stopped ------
 ------job started ------
Feeding Kitty..
Ninja was feed at: Sun Jan 08 2017 08:08:13 GMT-0500 (EST)
 ------job Stopped ------
 ------job started ------
Feeding Kitty..
Kitty Feed
 ------job Stopped ------
 ------job started ------
Feeding Kitty..
Ninja was feed at: Sun Jan 08 2017 21:55:44 GMT-0500 (EST)
 ------job Stopped ------
Feeding Kitty..
Kitty Feed
Feeding Kitty..
Kitty Feed
Feeding Kitty..
Kitty Feed
Feeding Kitty..
Kitty Feed
Feeding Kitty..
Kitty Feed
Feeding Kitty..
Kitty Feed
Feeding Kitty..
Kitty Feed
Feeding Kitty..
Kitty Feed
Feeding Kitty..
Kitty Feed
Feeding Kitty..
Kitty Feed
Feeding Kitty..
Kitty Feed
Feeding Kitty..
Kitty Feed
Feeding Kitty..
Kitty Feed
Feeding Kitty..
Kitty Feed
Feeding Kitty..
Kitty Feed
Feeding Kitty..
Kitty Feed
Feeding Kitty..
Kitty Feed
Feeding Kitty..
Kitty Feed
Feeding Kitty..
Kitty Feed
Feeding Kitty..
Kitty Feed
Feeding Kitty..
Kitty Feed
Feeding Kitty..
Kitty Feed
Feeding Kitty..
Kitty Feed
Feeding Kitty..
Kitty Feed
Feeding Kitty..
Kitty Feed
Feeding Kitty..
Kitty Feed
Feeding Kitty..
Kitty Feed
Feeding Kitty..
Kitty Feed
Feeding Kitty..
Kitty Feed
Feeding Kitty..
Kitty Feed
Feeding Kitty..
Kitty Feed
Feeding Kitty..
Kitty Feed
Feeding Kitty..
Kitty Feed
Feeding Kitty..
Kitty Feed
Feeding Kitty..
Kitty Feed
Feeding Kitty..
Kitty Feed
Feeding Kitty..
Kitty Feed
